<?xml version="1.0" encoding="UTF-8"?>
<!-- Generated by org.testng.reporters.JUnitReportReporter -->
<testsuite hostname="LAPTOP-2KH202OE" failures="0" tests="1" name="testScript.TestNGAnnotations" time="0.042" errors="0" timestamp="2025-08-25T10:04:17 IST" skipped="0">
  <testcase classname="testScript.TestNGAnnotations" name="testCase" time="0.042"/>
</testsuite> <!-- testScript.TestNGAnnotations -->
